  main.cpp
C:\Aya\Opengl\include\GLFW\glfw3.h(338,1): warning C4005: 'GLFW_KEY_1': macro redefinition
  (compiling source file 'main.cpp')
  C:\Aya\Opengl\include\GLFW\glfw3.h(312,1):
  see previous definition of 'GLFW_KEY_1'
  
C:\Aya\Mall_OpenGL_Project\main.cpp(12,10): warning C4067: unexpected tokens following preprocessor directive - expected a newline
C:\Aya\Mall_OpenGL_Project\Arch.h(69,33): warning C4267: 'initializing': conversion from 'size_t' to 'unsigned int', possible loss of data
  (compiling source file 'main.cpp')
  
C:\Aya\Mall_OpenGL_Project\Cylinder.h(119,50): warning C4267: 'argument': conversion from 'size_t' to 'GLsizei', possible loss of data
  (compiling source file 'main.cpp')
  
C:\Program Files\Microsoft Visual Studio\2022\Preview\VC\Tools\MSVC\14.39.33218\include\filesystem(12): warning STL4038: The contents of <filesystem> are available only with C++17 or later.
C:\Aya\Mall_OpenGL_Project\Mesh.h(54,50): warning C4267: 'argument': conversion from 'size_t' to 'GLsizei', possible loss of data
  (compiling source file 'main.cpp')
  
C:\Aya\Mall_OpenGL_Project\main.cpp(52,22): warning C4244: '=': conversion from 'LONG' to 'float', possible loss of data
C:\Aya\Mall_OpenGL_Project\main.cpp(53,20): warning C4244: '=': conversion from 'LONG' to 'float', possible loss of data
C:\Aya\Mall_OpenGL_Project\main.cpp(162,54): warning C4244: 'argument': conversion from 'float' to 'int', possible loss of data
C:\Aya\Mall_OpenGL_Project\main.cpp(162,40): warning C4244: 'argument': conversion from 'float' to 'int', possible loss of data
C:\Aya\Mall_OpenGL_Project\main.cpp(719,10): warning C4101: 'viewX': unreferenced local variable
C:\Aya\Mall_OpenGL_Project\main.cpp(720,10): warning C4101: 'viewZ': unreferenced local variable
  DiamondEngine.vcxproj -> C:\Aya\Mall_OpenGL_Project\x64\Debug\WholeMall.exe
  'pwsh.exe' is not recognized as an internal or external command,
  operable program or batch file.
