  glad.c
  main.cpp
C:\Program Files\Microsoft Visual Studio\2022\Preview\VC\Tools\MSVC\14.39.33218\include\filesystem(12): warning STL4038: The contents of <filesystem> are available only with C++17 or later.
C:\Users\Ayoosh\Downloads\OpenGL-SolarSystem-master\OpenGL-SolarSystem-master\main.cpp(47,22): warning C4244: '=': conversion from 'LONG' to 'float', possible loss of data
C:\Users\Ayoosh\Downloads\OpenGL-SolarSystem-master\OpenGL-SolarSystem-master\main.cpp(48,20): warning C4244: '=': conversion from 'LONG' to 'float', possible loss of data
C:\Users\Ayoosh\Downloads\OpenGL-SolarSystem-master\OpenGL-SolarSystem-master\main.cpp(167,54): warning C4244: 'argument': conversion from 'float' to 'int', possible loss of data
C:\Users\Ayoosh\Downloads\OpenGL-SolarSystem-master\OpenGL-SolarSystem-master\main.cpp(167,40): warning C4244: 'argument': conversion from 'float' to 'int', possible loss of data
C:\Users\Ayoosh\Downloads\OpenGL-SolarSystem-master\OpenGL-SolarSystem-master\main.cpp(241,24): warning C4838: conversion from 'FT_Pos' to 'GLuint' requires a narrowing conversion
  stb_image.cpp
  Generating Code...
glfw3.lib(init.obj) : warning LNK4099: PDB '' was not found with 'glfw3.lib(init.obj)' or at ''; linking object as if no debug info
glfw3.lib(monitor.obj) : warning LNK4099: PDB '' was not found with 'glfw3.lib(monitor.obj)' or at ''; linking object as if no debug info
glfw3.lib(window.obj) : warning LNK4099: PDB '' was not found with 'glfw3.lib(window.obj)' or at ''; linking object as if no debug info
glfw3.lib(input.obj) : warning LNK4099: PDB '' was not found with 'glfw3.lib(input.obj)' or at ''; linking object as if no debug info
glfw3.lib(context.obj) : warning LNK4099: PDB '' was not found with 'glfw3.lib(context.obj)' or at ''; linking object as if no debug info
glfw3.lib(win32_init.obj) : warning LNK4099: PDB '' was not found with 'glfw3.lib(win32_init.obj)' or at ''; linking object as if no debug info
glfw3.lib(win32_monitor.obj) : warning LNK4099: PDB '' was not found with 'glfw3.lib(win32_monitor.obj)' or at ''; linking object as if no debug info
glfw3.lib(win32_time.obj) : warning LNK4099: PDB '' was not found with 'glfw3.lib(win32_time.obj)' or at ''; linking object as if no debug info
glfw3.lib(vulkan.obj) : warning LNK4099: PDB '' was not found with 'glfw3.lib(vulkan.obj)' or at ''; linking object as if no debug info
glfw3.lib(win32_window.obj) : warning LNK4099: PDB '' was not found with 'glfw3.lib(win32_window.obj)' or at ''; linking object as if no debug info
glfw3.lib(win32_tls.obj) : warning LNK4099: PDB '' was not found with 'glfw3.lib(win32_tls.obj)' or at ''; linking object as if no debug info
glfw3.lib(win32_joystick.obj) : warning LNK4099: PDB '' was not found with 'glfw3.lib(win32_joystick.obj)' or at ''; linking object as if no debug info
glfw3.lib(wgl_context.obj) : warning LNK4099: PDB '' was not found with 'glfw3.lib(wgl_context.obj)' or at ''; linking object as if no debug info
glfw3.lib(egl_context.obj) : warning LNK4099: PDB '' was not found with 'glfw3.lib(egl_context.obj)' or at ''; linking object as if no debug info
  DiamondEngine.vcxproj -> C:\Users\Ayoosh\Downloads\OpenGL-SolarSystem-master\OpenGL-SolarSystem-master\x64\Debug\DiamondEngine.exe
  'pwsh.exe' is not recognized as an internal or external command,
  operable program or batch file.
